2022-08-31 22:05:11,071 ERROR Internal Server Error: / /Users/anna/PycharmProjects/python/ News Portal 31.07.22/venv/lib/python3.10/site-packages/django/utils/log.py, (<class 'django.template.exceptions.TemplateSyntaxError'>, TemplateSyntaxError("Invalid block tag on line 16: 'get_available_languages'. Did you forget to register or load this tag?"), <traceback object at 0x10b3e6f40>)
Traceback (most recent call last):
  File "/Users/anna/PycharmProjects/python/ News Portal 31.07.22/venv/lib/python3.10/site-packages/django/template/base.py", line 505, in parse
    compile_func = self.tags[command]
KeyError: 'get_available_languages'

During handling of the above exception, another exception occurred:

Traceback (most recent call last):
  File "/Users/anna/PycharmProjects/python/ News Portal 31.07.22/venv/lib/python3.10/site-packages/django/core/handlers/exception.py", line 55, in inner
    response = get_response(request)
  File "/Users/anna/PycharmProjects/python/ News Portal 31.07.22/venv/lib/python3.10/site-packages/django/core/handlers/base.py", line 220, in _get_response
    response = response.render()
  File "/Users/anna/PycharmProjects/python/ News Portal 31.07.22/venv/lib/python3.10/site-packages/django/template/response.py", line 114, in render
    self.content = self.rendered_content
  File "/Users/anna/PycharmProjects/python/ News Portal 31.07.22/venv/lib/python3.10/site-packages/django/template/response.py", line 92, in rendered_content
    return template.render(context, self._request)
  File "/Users/anna/PycharmProjects/python/ News Portal 31.07.22/venv/lib/python3.10/site-packages/django/template/backends/django.py", line 62, in render
    return self.template.render(context)
  File "/Users/anna/PycharmProjects/python/ News Portal 31.07.22/venv/lib/python3.10/site-packages/django/template/base.py", line 175, in render
    return self._render(context)
  File "/Users/anna/PycharmProjects/python/ News Portal 31.07.22/venv/lib/python3.10/site-packages/django/template/base.py", line 167, in _render
    return self.nodelist.render(context)
  File "/Users/anna/PycharmProjects/python/ News Portal 31.07.22/venv/lib/python3.10/site-packages/django/template/base.py", line 1000, in render
    return SafeString("".join([node.render_annotated(context) for node in self]))
  File "/Users/anna/PycharmProjects/python/ News Portal 31.07.22/venv/lib/python3.10/site-packages/django/template/base.py", line 1000, in <listcomp>
    return SafeString("".join([node.render_annotated(context) for node in self]))
  File "/Users/anna/PycharmProjects/python/ News Portal 31.07.22/venv/lib/python3.10/site-packages/django/template/base.py", line 958, in render_annotated
    return self.render(context)
  File "/Users/anna/PycharmProjects/python/ News Portal 31.07.22/venv/lib/python3.10/site-packages/django/template/loader_tags.py", line 157, in render
    return compiled_parent._render(context)
  File "/Users/anna/PycharmProjects/python/ News Portal 31.07.22/venv/lib/python3.10/site-packages/django/template/base.py", line 167, in _render
    return self.nodelist.render(context)
  File "/Users/anna/PycharmProjects/python/ News Portal 31.07.22/venv/lib/python3.10/site-packages/django/template/base.py", line 1000, in render
    return SafeString("".join([node.render_annotated(context) for node in self]))
  File "/Users/anna/PycharmProjects/python/ News Portal 31.07.22/venv/lib/python3.10/site-packages/django/template/base.py", line 1000, in <listcomp>
    return SafeString("".join([node.render_annotated(context) for node in self]))
  File "/Users/anna/PycharmProjects/python/ News Portal 31.07.22/venv/lib/python3.10/site-packages/django/template/base.py", line 958, in render_annotated
    return self.render(context)
  File "/Users/anna/PycharmProjects/python/ News Portal 31.07.22/venv/lib/python3.10/site-packages/django/templatetags/cache.py", line 53, in render
    value = self.nodelist.render(context)
  File "/Users/anna/PycharmProjects/python/ News Portal 31.07.22/venv/lib/python3.10/site-packages/django/template/base.py", line 1000, in render
    return SafeString("".join([node.render_annotated(context) for node in self]))
  File "/Users/anna/PycharmProjects/python/ News Portal 31.07.22/venv/lib/python3.10/site-packages/django/template/base.py", line 1000, in <listcomp>
    return SafeString("".join([node.render_annotated(context) for node in self]))
  File "/Users/anna/PycharmProjects/python/ News Portal 31.07.22/venv/lib/python3.10/site-packages/django/template/base.py", line 958, in render_annotated
    return self.render(context)
  File "/Users/anna/PycharmProjects/python/ News Portal 31.07.22/venv/lib/python3.10/site-packages/django/template/loader_tags.py", line 197, in render
    template = context.template.engine.select_template(template_name)
  File "/Users/anna/PycharmProjects/python/ News Portal 31.07.22/venv/lib/python3.10/site-packages/django/template/engine.py", line 207, in select_template
    return self.get_template(template_name)
  File "/Users/anna/PycharmProjects/python/ News Portal 31.07.22/venv/lib/python3.10/site-packages/django/template/engine.py", line 176, in get_template
    template, origin = self.find_template(template_name)
  File "/Users/anna/PycharmProjects/python/ News Portal 31.07.22/venv/lib/python3.10/site-packages/django/template/engine.py", line 158, in find_template
    template = loader.get_template(name, skip=skip)
  File "/Users/anna/PycharmProjects/python/ News Portal 31.07.22/venv/lib/python3.10/site-packages/django/template/loaders/base.py", line 28, in get_template
    return Template(
  File "/Users/anna/PycharmProjects/python/ News Portal 31.07.22/venv/lib/python3.10/site-packages/django/template/base.py", line 154, in __init__
    self.nodelist = self.compile_nodelist()
  File "/Users/anna/PycharmProjects/python/ News Portal 31.07.22/venv/lib/python3.10/site-packages/django/template/base.py", line 200, in compile_nodelist
    return parser.parse()
  File "/Users/anna/PycharmProjects/python/ News Portal 31.07.22/venv/lib/python3.10/site-packages/django/template/base.py", line 507, in parse
    self.invalid_block_tag(token, command, parse_until)
  File "/Users/anna/PycharmProjects/python/ News Portal 31.07.22/venv/lib/python3.10/site-packages/django/template/base.py", line 568, in invalid_block_tag
    raise self.error(
django.template.exceptions.TemplateSyntaxError: Invalid block tag on line 16: 'get_available_languages'. Did you forget to register or load this tag?
2022-08-31 22:05:11,119 ERROR "GET / HTTP/1.1" 500 213148 /Users/anna/PycharmProjects/python/ News Portal 31.07.22/venv/lib/python3.10/site-packages/django/core/servers/basehttp.py, None
2022-09-12 10:28:57,188 ERROR Internal Server Error: / /Users/anna/PycharmProjects/python/ News Portal 31.07.22/venv/lib/python3.10/site-packages/django/utils/log.py, (<class 'django.template.exceptions.TemplateSyntaxError'>, TemplateSyntaxError("<ExtendsNode: extends 'default.html'> must be the first tag in the template."), <traceback object at 0x106adb080>)
Traceback (most recent call last):
  File "/Users/anna/PycharmProjects/python/ News Portal 31.07.22/venv/lib/python3.10/site-packages/django/core/handlers/exception.py", line 55, in inner
    response = get_response(request)
  File "/Users/anna/PycharmProjects/python/ News Portal 31.07.22/venv/lib/python3.10/site-packages/django/core/handlers/base.py", line 220, in _get_response
    response = response.render()
  File "/Users/anna/PycharmProjects/python/ News Portal 31.07.22/venv/lib/python3.10/site-packages/django/template/response.py", line 114, in render
    self.content = self.rendered_content
  File "/Users/anna/PycharmProjects/python/ News Portal 31.07.22/venv/lib/python3.10/site-packages/django/template/response.py", line 90, in rendered_content
    template = self.resolve_template(self.template_name)
  File "/Users/anna/PycharmProjects/python/ News Portal 31.07.22/venv/lib/python3.10/site-packages/django/template/response.py", line 72, in resolve_template
    return select_template(template, using=self.using)
  File "/Users/anna/PycharmProjects/python/ News Portal 31.07.22/venv/lib/python3.10/site-packages/django/template/loader.py", line 42, in select_template
    return engine.get_template(template_name)
  File "/Users/anna/PycharmProjects/python/ News Portal 31.07.22/venv/lib/python3.10/site-packages/django/template/backends/django.py", line 34, in get_template
    return Template(self.engine.get_template(template_name), self)
  File "/Users/anna/PycharmProjects/python/ News Portal 31.07.22/venv/lib/python3.10/site-packages/django/template/engine.py", line 176, in get_template
    template, origin = self.find_template(template_name)
  File "/Users/anna/PycharmProjects/python/ News Portal 31.07.22/venv/lib/python3.10/site-packages/django/template/engine.py", line 158, in find_template
    template = loader.get_template(name, skip=skip)
  File "/Users/anna/PycharmProjects/python/ News Portal 31.07.22/venv/lib/python3.10/site-packages/django/template/loaders/base.py", line 28, in get_template
    return Template(
  File "/Users/anna/PycharmProjects/python/ News Portal 31.07.22/venv/lib/python3.10/site-packages/django/template/base.py", line 154, in __init__
    self.nodelist = self.compile_nodelist()
  File "/Users/anna/PycharmProjects/python/ News Portal 31.07.22/venv/lib/python3.10/site-packages/django/template/base.py", line 200, in compile_nodelist
    return parser.parse()
  File "/Users/anna/PycharmProjects/python/ News Portal 31.07.22/venv/lib/python3.10/site-packages/django/template/base.py", line 514, in parse
    self.extend_nodelist(nodelist, compiled_result, token)
  File "/Users/anna/PycharmProjects/python/ News Portal 31.07.22/venv/lib/python3.10/site-packages/django/template/base.py", line 531, in extend_nodelist
    raise self.error(
django.template.exceptions.TemplateSyntaxError: <ExtendsNode: extends 'default.html'> must be the first tag in the template.
2022-09-12 10:28:57,344 ERROR "GET / HTTP/1.1" 500 131415 /Users/anna/PycharmProjects/python/ News Portal 31.07.22/venv/lib/python3.10/site-packages/django/core/servers/basehttp.py, None
